<?xml version="1.0" encoding="UTF-8"?>
<!-- Generated by org.testng.reporters.JUnitReportReporter -->
<testsuite skipped="0" hostname="mohammeds-MBP.fios-router.home" name="Sprintimplementation.SmokeTest" tests="1" failures="0" timestamp="27 Apr 2019 04:58:40 GMT" time="7.160" errors="0">
  <testcase name="smoketest1_1" time="7.160" classname="Sprintimplementation.SmokeTest"/>
</testsuite> <!-- Sprintimplementation.SmokeTest -->
